[0.071s] Invoking command in '/home/sunrise/lidar_locate_ws/lidar_locate_ws/src/build/carto_description': CMAKE_PREFIX_PATH=${CMAKE_PREFIX_PATH}:/opt/ros/humble /usr/bin/cmake /home/sunrise/lidar_locate_ws/lidar_locate_ws/src/carto_description -DCMAKE_INSTALL_PREFIX=/home/sunrise/lidar_locate_ws/lidar_locate_ws/src/install/carto_description
[0.660s] -- The C compiler identification is GNU 11.2.0
[1.247s] -- The CXX compiler identification is GNU 11.2.0
[1.291s] -- Detecting C compiler ABI info
[1.681s] -- Detecting C compiler ABI info - done
[1.729s] -- Check for working C compiler: /usr/bin/cc - skipped
[1.731s] -- Detecting C compile features
[1.734s] -- Detecting C compile features - done
[1.752s] -- Detecting CXX compiler ABI info
[2.202s] -- Detecting CXX compiler ABI info - done
[2.252s] -- Check for working CXX compiler: /usr/bin/c++ - skipped
[2.253s] -- Detecting CXX compile features
[2.255s] -- Detecting CXX compile features - done
[2.267s] -- Found ament_cmake: 1.3.12 (/opt/ros/humble/share/ament_cmake/cmake)
[5.086s] -- Found Python3: /usr/bin/python3 (found version "3.10.12") found components: Interpreter 
[5.677s] -- Found rclcpp: 16.0.14 (/opt/ros/humble/share/rclcpp/cmake)
[5.878s] -- Found rosidl_generator_c: 3.1.7 (/opt/ros/humble/share/rosidl_generator_c/cmake)
[5.904s] -- Found rosidl_adapter: 3.1.7 (/opt/ros/humble/share/rosidl_adapter/cmake)
[5.950s] -- Found rosidl_generator_cpp: 3.1.7 (/opt/ros/humble/share/rosidl_generator_cpp/cmake)
[6.020s] -- Using all available rosidl_typesupport_c: rosidl_typesupport_fastrtps_c;rosidl_typesupport_introspection_c
[6.114s] -- Using all available rosidl_typesupport_cpp: rosidl_typesupport_fastrtps_cpp;rosidl_typesupport_introspection_cpp
[6.374s] -- Found rmw_implementation_cmake: 6.1.2 (/opt/ros/humble/share/rmw_implementation_cmake/cmake)
[6.390s] -- Found rmw_fastrtps_cpp: 6.2.8 (/opt/ros/humble/share/rmw_fastrtps_cpp/cmake)
[6.837s] -- Found OpenSSL: /usr/lib/aarch64-linux-gnu/libcrypto.so (found version "3.0.2")  
[6.970s] -- Found FastRTPS: /opt/ros/humble/include  
[7.156s] -- Using RMW implementation 'rmw_fastrtps_cpp' as default
[7.210s] -- Looking for pthread.h
[7.648s] -- Looking for pthread.h - found
[7.650s] -- Performing Test CMAKE_HAVE_LIBC_PTHREAD
[8.029s] -- Performing Test CMAKE_HAVE_LIBC_PTHREAD - Success
[8.034s] -- Found Threads: TRUE  
[8.390s] -- Found ament_lint_auto: 0.12.14 (/opt/ros/humble/share/ament_lint_auto/cmake)
[8.968s] -- Added test 'lint_cmake' to check CMake code style
[8.971s] -- Added test 'xmllint' to check XML markup files
[8.977s] -- Configuring done
[8.998s] -- Generating done
[9.011s] -- Build files have been written to: /home/sunrise/lidar_locate_ws/lidar_locate_ws/src/build/carto_description
[9.084s] Invoked command in '/home/sunrise/lidar_locate_ws/lidar_locate_ws/src/build/carto_description' returned '0': CMAKE_PREFIX_PATH=${CMAKE_PREFIX_PATH}:/opt/ros/humble /usr/bin/cmake /home/sunrise/lidar_locate_ws/lidar_locate_ws/src/carto_description -DCMAKE_INSTALL_PREFIX=/home/sunrise/lidar_locate_ws/lidar_locate_ws/src/install/carto_description
[9.094s] Invoking command in '/home/sunrise/lidar_locate_ws/lidar_locate_ws/src/build/carto_description': CMAKE_PREFIX_PATH=${CMAKE_PREFIX_PATH}:/opt/ros/humble /usr/bin/cmake --build /home/sunrise/lidar_locate_ws/lidar_locate_ws/src/build/carto_description -- -j8 -l8
[9.288s] Invoked command in '/home/sunrise/lidar_locate_ws/lidar_locate_ws/src/build/carto_description' returned '0': CMAKE_PREFIX_PATH=${CMAKE_PREFIX_PATH}:/opt/ros/humble /usr/bin/cmake --build /home/sunrise/lidar_locate_ws/lidar_locate_ws/src/build/carto_description -- -j8 -l8
[9.335s] Invoking command in '/home/sunrise/lidar_locate_ws/lidar_locate_ws/src/build/carto_description': CMAKE_PREFIX_PATH=${CMAKE_PREFIX_PATH}:/opt/ros/humble /usr/bin/cmake --install /home/sunrise/lidar_locate_ws/lidar_locate_ws/src/build/carto_description
[9.371s] -- Install configuration: ""
[9.372s] -- Installing: /home/sunrise/lidar_locate_ws/lidar_locate_ws/src/install/carto_description/share/ament_index/resource_index/package_run_dependencies/carto_description
[9.373s] -- Installing: /home/sunrise/lidar_locate_ws/lidar_locate_ws/src/install/carto_description/share/ament_index/resource_index/parent_prefix_path/carto_description
[9.374s] -- Installing: /home/sunrise/lidar_locate_ws/lidar_locate_ws/src/install/carto_description/share/carto_description/environment/ament_prefix_path.sh
[9.375s] -- Installing: /home/sunrise/lidar_locate_ws/lidar_locate_ws/src/install/carto_description/share/carto_description/environment/ament_prefix_path.dsv
[9.375s] -- Installing: /home/sunrise/lidar_locate_ws/lidar_locate_ws/src/install/carto_description/share/carto_description/environment/path.sh
[9.376s] -- Installing: /home/sunrise/lidar_locate_ws/lidar_locate_ws/src/install/carto_description/share/carto_description/environment/path.dsv
[9.377s] -- Installing: /home/sunrise/lidar_locate_ws/lidar_locate_ws/src/install/carto_description/share/carto_description/local_setup.bash
[9.378s] -- Installing: /home/sunrise/lidar_locate_ws/lidar_locate_ws/src/install/carto_description/share/carto_description/local_setup.sh
[9.379s] -- Installing: /home/sunrise/lidar_locate_ws/lidar_locate_ws/src/install/carto_description/share/carto_description/local_setup.zsh
[9.380s] -- Installing: /home/sunrise/lidar_locate_ws/lidar_locate_ws/src/install/carto_description/share/carto_description/local_setup.dsv
[9.380s] -- Installing: /home/sunrise/lidar_locate_ws/lidar_locate_ws/src/install/carto_description/share/carto_description/package.dsv
[9.381s] -- Installing: /home/sunrise/lidar_locate_ws/lidar_locate_ws/src/install/carto_description/share/ament_index/resource_index/packages/carto_description
[9.382s] -- Installing: /home/sunrise/lidar_locate_ws/lidar_locate_ws/src/install/carto_description/share/carto_description/cmake/carto_descriptionConfig.cmake
[9.383s] -- Installing: /home/sunrise/lidar_locate_ws/lidar_locate_ws/src/install/carto_description/share/carto_description/cmake/carto_descriptionConfig-version.cmake
[9.383s] -- Installing: /home/sunrise/lidar_locate_ws/lidar_locate_ws/src/install/carto_description/share/carto_description/package.xml
[9.395s] Invoked command in '/home/sunrise/lidar_locate_ws/lidar_locate_ws/src/build/carto_description' returned '0': CMAKE_PREFIX_PATH=${CMAKE_PREFIX_PATH}:/opt/ros/humble /usr/bin/cmake --install /home/sunrise/lidar_locate_ws/lidar_locate_ws/src/build/carto_description
