[0.100s] Invoking command in '/home/sunrise/lidar_locate_ws/lidar_locate_ws/src/build/pid_control': CMAKE_PREFIX_PATH=${CMAKE_PREFIX_PATH}:/opt/ros/humble /usr/bin/cmake /home/sunrise/lidar_locate_ws/lidar_locate_ws/src/pid_control -DCMAKE_INSTALL_PREFIX=/home/sunrise/lidar_locate_ws/lidar_locate_ws/src/install/pid_control
[0.724s] -- The C compiler identification is GNU 11.2.0
[1.315s] -- The CXX compiler identification is GNU 11.2.0
[1.355s] -- Detecting C compiler ABI info
[1.747s] -- Detecting C compiler ABI info - done
[1.793s] -- Check for working C compiler: /usr/bin/cc - skipped
[1.795s] -- Detecting C compile features
[1.799s] -- Detecting C compile features - done
[1.818s] -- Detecting CXX compiler ABI info
[2.251s] -- Detecting CXX compiler ABI info - done
[2.300s] -- Check for working CXX compiler: /usr/bin/c++ - skipped
[2.301s] -- Detecting CXX compile features
[2.303s] -- Detecting CXX compile features - done
[2.331s] -- Found ament_cmake: 1.3.12 (/opt/ros/humble/share/ament_cmake/cmake)
[4.928s] -- Found Python3: /usr/bin/python3 (found version "3.10.12") found components: Interpreter 
[5.615s] -- Found rclcpp: 16.0.14 (/opt/ros/humble/share/rclcpp/cmake)
[5.868s] -- Found rosidl_generator_c: 3.1.7 (/opt/ros/humble/share/rosidl_generator_c/cmake)
[5.899s] -- Found rosidl_adapter: 3.1.7 (/opt/ros/humble/share/rosidl_adapter/cmake)
[5.954s] -- Found rosidl_generator_cpp: 3.1.7 (/opt/ros/humble/share/rosidl_generator_cpp/cmake)
[6.041s] -- Using all available rosidl_typesupport_c: rosidl_typesupport_fastrtps_c;rosidl_typesupport_introspection_c
[6.148s] -- Using all available rosidl_typesupport_cpp: rosidl_typesupport_fastrtps_cpp;rosidl_typesupport_introspection_cpp
[6.438s] -- Found rmw_implementation_cmake: 6.1.2 (/opt/ros/humble/share/rmw_implementation_cmake/cmake)
[6.457s] -- Found rmw_fastrtps_cpp: 6.2.8 (/opt/ros/humble/share/rmw_fastrtps_cpp/cmake)
[6.903s] -- Found OpenSSL: /usr/lib/aarch64-linux-gnu/libcrypto.so (found version "3.0.2")  
[7.036s] -- Found FastRTPS: /opt/ros/humble/include  
[7.245s] -- Using RMW implementation 'rmw_fastrtps_cpp' as default
[7.292s] -- Looking for pthread.h
[7.714s] -- Looking for pthread.h - found
[7.715s] -- Performing Test CMAKE_HAVE_LIBC_PTHREAD
[8.091s] -- Performing Test CMAKE_HAVE_LIBC_PTHREAD - Success
[8.096s] -- Found Threads: TRUE  
[8.455s] -- Found geometry_msgs: 4.9.0 (/opt/ros/humble/share/geometry_msgs/cmake)
[8.570s] -- Found ament_lint_auto: 0.12.14 (/opt/ros/humble/share/ament_lint_auto/cmake)
[9.105s] -- Added test 'cppcheck' to perform static code analysis on C / C++ code
[9.106s] -- Configured cppcheck include dirs: $<BUILD_INTERFACE:/home/sunrise/lidar_locate_ws/lidar_locate_ws/src/pid_control/include>
[9.107s] -- Configured cppcheck exclude dirs and/or files: 
[9.109s] -- Added test 'flake8' to check Python code syntax and style conventions
[9.112s] -- Added test 'lint_cmake' to check CMake code style
[9.115s] -- Added test 'pep257' to check Python code against some of the docstring style conventions in PEP 257
[9.121s] -- Added test 'uncrustify' to check C / C++ code style
[9.122s] -- Configured uncrustify additional arguments: 
[9.124s] -- Added test 'xmllint' to check XML markup files
[9.131s] -- Configuring done
[9.186s] -- Generating done
[9.206s] -- Build files have been written to: /home/sunrise/lidar_locate_ws/lidar_locate_ws/src/build/pid_control
[9.276s] Invoked command in '/home/sunrise/lidar_locate_ws/lidar_locate_ws/src/build/pid_control' returned '0': CMAKE_PREFIX_PATH=${CMAKE_PREFIX_PATH}:/opt/ros/humble /usr/bin/cmake /home/sunrise/lidar_locate_ws/lidar_locate_ws/src/pid_control -DCMAKE_INSTALL_PREFIX=/home/sunrise/lidar_locate_ws/lidar_locate_ws/src/install/pid_control
[9.283s] Invoking command in '/home/sunrise/lidar_locate_ws/lidar_locate_ws/src/build/pid_control': CMAKE_PREFIX_PATH=${CMAKE_PREFIX_PATH}:/opt/ros/humble /usr/bin/cmake --build /home/sunrise/lidar_locate_ws/lidar_locate_ws/src/build/pid_control -- -j8 -l8
[9.511s] [ 50%] [32mBuilding CXX object CMakeFiles/pid_control_node.dir/src/pid_Control.cpp.o[0m
[91.794s] [100%] [32m[1mLinking CXX executable pid_control_node[0m
[96.747s] [100%] Built target pid_control_node
[96.797s] Invoked command in '/home/sunrise/lidar_locate_ws/lidar_locate_ws/src/build/pid_control' returned '0': CMAKE_PREFIX_PATH=${CMAKE_PREFIX_PATH}:/opt/ros/humble /usr/bin/cmake --build /home/sunrise/lidar_locate_ws/lidar_locate_ws/src/build/pid_control -- -j8 -l8
[96.803s] Invoking command in '/home/sunrise/lidar_locate_ws/lidar_locate_ws/src/build/pid_control': CMAKE_PREFIX_PATH=${CMAKE_PREFIX_PATH}:/opt/ros/humble /usr/bin/cmake --install /home/sunrise/lidar_locate_ws/lidar_locate_ws/src/build/pid_control
[96.837s] -- Install configuration: ""
[96.838s] -- Installing: /home/sunrise/lidar_locate_ws/lidar_locate_ws/src/install/pid_control/lib/pid_control/pid_control_node
[96.878s] -- Set runtime path of "/home/sunrise/lidar_locate_ws/lidar_locate_ws/src/install/pid_control/lib/pid_control/pid_control_node" to ""
[96.878s] -- Installing: /home/sunrise/lidar_locate_ws/lidar_locate_ws/src/install/pid_control/share/pid_control/config
[96.879s] -- Installing: /home/sunrise/lidar_locate_ws/lidar_locate_ws/src/install/pid_control/share/pid_control/config/pid_control_params.yaml
[96.880s] -- Installing: /home/sunrise/lidar_locate_ws/lidar_locate_ws/src/install/pid_control/share/pid_control/launch
[96.880s] -- Installing: /home/sunrise/lidar_locate_ws/lidar_locate_ws/src/install/pid_control/share/pid_control/launch/pid_control_launch.py
[96.881s] -- Installing: /home/sunrise/lidar_locate_ws/lidar_locate_ws/src/install/pid_control/include
[96.881s] -- Installing: /home/sunrise/lidar_locate_ws/lidar_locate_ws/src/install/pid_control/include/pid_control
[96.882s] -- Installing: /home/sunrise/lidar_locate_ws/lidar_locate_ws/src/install/pid_control/include/pid_control/pid_control.hpp
[96.882s] -- Installing: /home/sunrise/lidar_locate_ws/lidar_locate_ws/src/install/pid_control/share/ament_index/resource_index/package_run_dependencies/pid_control
[96.883s] -- Installing: /home/sunrise/lidar_locate_ws/lidar_locate_ws/src/install/pid_control/share/ament_index/resource_index/parent_prefix_path/pid_control
[96.883s] -- Installing: /home/sunrise/lidar_locate_ws/lidar_locate_ws/src/install/pid_control/share/pid_control/environment/ament_prefix_path.sh
[96.884s] -- Installing: /home/sunrise/lidar_locate_ws/lidar_locate_ws/src/install/pid_control/share/pid_control/environment/ament_prefix_path.dsv
[96.885s] -- Installing: /home/sunrise/lidar_locate_ws/lidar_locate_ws/src/install/pid_control/share/pid_control/environment/path.sh
[96.885s] -- Installing: /home/sunrise/lidar_locate_ws/lidar_locate_ws/src/install/pid_control/share/pid_control/environment/path.dsv
[96.886s] -- Installing: /home/sunrise/lidar_locate_ws/lidar_locate_ws/src/install/pid_control/share/pid_control/local_setup.bash
[96.886s] -- Installing: /home/sunrise/lidar_locate_ws/lidar_locate_ws/src/install/pid_control/share/pid_control/local_setup.sh
[96.887s] -- Installing: /home/sunrise/lidar_locate_ws/lidar_locate_ws/src/install/pid_control/share/pid_control/local_setup.zsh
[96.887s] -- Installing: /home/sunrise/lidar_locate_ws/lidar_locate_ws/src/install/pid_control/share/pid_control/local_setup.dsv
[96.888s] -- Installing: /home/sunrise/lidar_locate_ws/lidar_locate_ws/src/install/pid_control/share/pid_control/package.dsv
[96.889s] -- Installing: /home/sunrise/lidar_locate_ws/lidar_locate_ws/src/install/pid_control/share/ament_index/resource_index/packages/pid_control
[96.889s] -- Installing: /home/sunrise/lidar_locate_ws/lidar_locate_ws/src/install/pid_control/share/pid_control/cmake/pid_controlConfig.cmake
[96.890s] -- Installing: /home/sunrise/lidar_locate_ws/lidar_locate_ws/src/install/pid_control/share/pid_control/cmake/pid_controlConfig-version.cmake
[96.890s] -- Installing: /home/sunrise/lidar_locate_ws/lidar_locate_ws/src/install/pid_control/share/pid_control/package.xml
[96.901s] Invoked command in '/home/sunrise/lidar_locate_ws/lidar_locate_ws/src/build/pid_control' returned '0': CMAKE_PREFIX_PATH=${CMAKE_PREFIX_PATH}:/opt/ros/humble /usr/bin/cmake --install /home/sunrise/lidar_locate_ws/lidar_locate_ws/src/build/pid_control
