[0.811s] DEBUG:colcon:Command line arguments: ['/usr/bin/colcon', 'build']
[0.812s] DEBUG:colcon:Parsed command line arguments: Namespace(log_base=None, log_level=None, verb_name='build', build_base='build', install_base='install', merge_install=False, symlink_install=False, test_result_base=None, continue_on_error=False, executor='parallel', parallel_workers=8, event_handlers=None, ignore_user_meta=False, metas=['./colcon.meta'], base_paths=['.'], packages_ignore=None, packages_ignore_regex=None, paths=None, packages_up_to=None, packages_up_to_regex=None, packages_above=None, packages_above_and_dependencies=None, packages_above_depth=None, packages_select_by_dep=None, packages_skip_by_dep=None, packages_skip_up_to=None, packages_select_build_failed=False, packages_skip_build_finished=False, packages_select_test_failures=False, packages_skip_test_passed=False, packages_select=None, packages_skip=None, packages_select_regex=None, packages_skip_regex=None, packages_start=None, packages_end=None, allow_overriding=[], cmake_args=None, cmake_target=None, cmake_target_skip_unavailable=False, cmake_clean_cache=False, cmake_clean_first=False, cmake_force_configure=False, ament_cmake_args=None, catkin_cmake_args=None, catkin_skip_building_tests=False, verb_parser=<colcon_defaults.argument_parser.defaults.DefaultArgumentsDecorator object at 0xffffa91142e0>, verb_extension=<colcon_core.verb.build.BuildVerb object at 0xffffa90dbd60>, main=<bound method BuildVerb.main of <colcon_core.verb.build.BuildVerb object at 0xffffa90dbd60>>)
[1.172s] Level 1:colcon.colcon_core.package_discovery:discover_packages(colcon_meta) check parameters
[1.173s] Level 1:colcon.colcon_core.package_discovery:discover_packages(recursive) check parameters
[1.173s] Level 1:colcon.colcon_core.package_discovery:discover_packages(ignore) check parameters
[1.173s] Level 1:colcon.colcon_core.package_discovery:discover_packages(path) check parameters
[1.173s] Level 1:colcon.colcon_core.package_discovery:discover_packages(colcon_meta) discover
[1.174s] Level 1:colcon.colcon_core.package_discovery:discover_packages(recursive) discover
[1.174s] INFO:colcon.colcon_core.package_discovery:Crawling recursively for packages in '/home/sunrise/lidar_locate_ws/lidar_locate_ws/src'
[1.174s] Level 1:colcon.colcon_core.package_identification:_identify(.) by extensions ['ignore', 'ignore_ament_install']
[1.175s] Level 1:colcon.colcon_core.package_identification:_identify(.) by extension 'ignore'
[1.175s] Level 1:colcon.colcon_core.package_identification:_identify(.) by extension 'ignore_ament_install'
[1.176s] Level 1:colcon.colcon_core.package_identification:_identify(.) by extensions ['colcon_pkg']
[1.176s] Level 1:colcon.colcon_core.package_identification:_identify(.) by extension 'colcon_pkg'
[1.176s] Level 1:colcon.colcon_core.package_identification:_identify(.) by extensions ['colcon_meta']
[1.176s] Level 1:colcon.colcon_core.package_identification:_identify(.) by extension 'colcon_meta'
[1.177s] Level 1:colcon.colcon_core.package_identification:_identify(.) by extensions ['ros']
[1.177s] Level 1:colcon.colcon_core.package_identification:_identify(.) by extension 'ros'
[1.288s] Level 1:colcon.colcon_core.package_identification:_identify(.) by extensions ['cmake', 'python']
[1.289s] Level 1:colcon.colcon_core.package_identification:_identify(.) by extension 'cmake'
[1.289s] Level 1:colcon.colcon_core.package_identification:_identify(.) by extension 'python'
[1.289s] Level 1:colcon.colcon_core.package_identification:_identify(.) by extensions ['python_setup_py']
[1.289s] Level 1:colcon.colcon_core.package_identification:_identify(.) by extension 'python_setup_py'
[1.290s] Level 1:colcon.colcon_core.package_identification:_identify(build) by extensions ['ignore', 'ignore_ament_install']
[1.290s] Level 1:colcon.colcon_core.package_identification:_identify(build) by extension 'ignore'
[1.291s] Level 1:colcon.colcon_core.package_identification:_identify(build) ignored
[1.292s] Level 1:colcon.colcon_core.package_identification:_identify(carto_description) by extensions ['ignore', 'ignore_ament_install']
[1.292s] Level 1:colcon.colcon_core.package_identification:_identify(carto_description) by extension 'ignore'
[1.292s] Level 1:colcon.colcon_core.package_identification:_identify(carto_description) by extension 'ignore_ament_install'
[1.293s] Level 1:colcon.colcon_core.package_identification:_identify(carto_description) by extensions ['colcon_pkg']
[1.293s] Level 1:colcon.colcon_core.package_identification:_identify(carto_description) by extension 'colcon_pkg'
[1.293s] Level 1:colcon.colcon_core.package_identification:_identify(carto_description) by extensions ['colcon_meta']
[1.293s] Level 1:colcon.colcon_core.package_identification:_identify(carto_description) by extension 'colcon_meta'
[1.294s] Level 1:colcon.colcon_core.package_identification:_identify(carto_description) by extensions ['ros']
[1.294s] Level 1:colcon.colcon_core.package_identification:_identify(carto_description) by extension 'ros'
[1.310s] DEBUG:colcon.colcon_core.package_identification:Package 'carto_description' with type 'ros.ament_cmake' and name 'carto_description'
[1.311s] Level 1:colcon.colcon_core.package_identification:_identify(install) by extensions ['ignore', 'ignore_ament_install']
[1.312s] Level 1:colcon.colcon_core.package_identification:_identify(install) by extension 'ignore'
[1.312s] Level 1:colcon.colcon_core.package_identification:_identify(install) ignored
[1.313s] Level 1:colcon.colcon_core.package_identification:_identify(log) by extensions ['ignore', 'ignore_ament_install']
[1.313s] Level 1:colcon.colcon_core.package_identification:_identify(log) by extension 'ignore'
[1.313s] Level 1:colcon.colcon_core.package_identification:_identify(log) ignored
[1.314s] Level 1:colcon.colcon_core.package_identification:_identify(my_launch) by extensions ['ignore', 'ignore_ament_install']
[1.314s] Level 1:colcon.colcon_core.package_identification:_identify(my_launch) by extension 'ignore'
[1.314s] Level 1:colcon.colcon_core.package_identification:_identify(my_launch) by extension 'ignore_ament_install'
[1.315s] Level 1:colcon.colcon_core.package_identification:_identify(my_launch) by extensions ['colcon_pkg']
[1.315s] Level 1:colcon.colcon_core.package_identification:_identify(my_launch) by extension 'colcon_pkg'
[1.315s] Level 1:colcon.colcon_core.package_identification:_identify(my_launch) by extensions ['colcon_meta']
[1.315s] Level 1:colcon.colcon_core.package_identification:_identify(my_launch) by extension 'colcon_meta'
[1.316s] Level 1:colcon.colcon_core.package_identification:_identify(my_launch) by extensions ['ros']
[1.316s] Level 1:colcon.colcon_core.package_identification:_identify(my_launch) by extension 'ros'
[1.319s] DEBUG:colcon.colcon_core.package_identification:Package 'my_launch' with type 'ros.ament_python' and name 'my_launch'
[1.320s] Level 1:colcon.colcon_core.package_identification:_identify(pid_control) by extensions ['ignore', 'ignore_ament_install']
[1.321s] Level 1:colcon.colcon_core.package_identification:_identify(pid_control) by extension 'ignore'
[1.321s] Level 1:colcon.colcon_core.package_identification:_identify(pid_control) by extension 'ignore_ament_install'
[1.322s] Level 1:colcon.colcon_core.package_identification:_identify(pid_control) by extensions ['colcon_pkg']
[1.322s] Level 1:colcon.colcon_core.package_identification:_identify(pid_control) by extension 'colcon_pkg'
[1.322s] Level 1:colcon.colcon_core.package_identification:_identify(pid_control) by extensions ['colcon_meta']
[1.322s] Level 1:colcon.colcon_core.package_identification:_identify(pid_control) by extension 'colcon_meta'
[1.323s] Level 1:colcon.colcon_core.package_identification:_identify(pid_control) by extensions ['ros']
[1.323s] Level 1:colcon.colcon_core.package_identification:_identify(pid_control) by extension 'ros'
[1.328s] DEBUG:colcon.colcon_core.package_identification:Package 'pid_control' with type 'ros.ament_cmake' and name 'pid_control'
[1.329s] Level 1:colcon.colcon_core.package_identification:_identify(uart_to_mcu) by extensions ['ignore', 'ignore_ament_install']
[1.329s] Level 1:colcon.colcon_core.package_identification:_identify(uart_to_mcu) by extension 'ignore'
[1.330s] Level 1:colcon.colcon_core.package_identification:_identify(uart_to_mcu) by extension 'ignore_ament_install'
[1.330s] Level 1:colcon.colcon_core.package_identification:_identify(uart_to_mcu) by extensions ['colcon_pkg']
[1.330s] Level 1:colcon.colcon_core.package_identification:_identify(uart_to_mcu) by extension 'colcon_pkg'
[1.331s] Level 1:colcon.colcon_core.package_identification:_identify(uart_to_mcu) by extensions ['colcon_meta']
[1.331s] Level 1:colcon.colcon_core.package_identification:_identify(uart_to_mcu) by extension 'colcon_meta'
[1.331s] Level 1:colcon.colcon_core.package_identification:_identify(uart_to_mcu) by extensions ['ros']
[1.331s] Level 1:colcon.colcon_core.package_identification:_identify(uart_to_mcu) by extension 'ros'
[1.336s] DEBUG:colcon.colcon_core.package_identification:Package 'uart_to_mcu' with type 'ros.ament_cmake' and name 'uart_to_mcu'
[1.336s] Level 1:colcon.colcon_core.package_discovery:discover_packages(recursive) using defaults
[1.337s] Level 1:colcon.colcon_core.package_discovery:discover_packages(ignore) discover
[1.337s] Level 1:colcon.colcon_core.package_discovery:discover_packages(ignore) using defaults
[1.337s] Level 1:colcon.colcon_core.package_discovery:discover_packages(path) discover
[1.337s] Level 1:colcon.colcon_core.package_discovery:discover_packages(path) using defaults
[1.482s] Level 1:colcon.colcon_core.package_discovery:discover_packages(prefix_path) check parameters
[1.482s] Level 1:colcon.colcon_core.package_discovery:discover_packages(prefix_path) discover
[1.499s] DEBUG:colcon.colcon_installed_package_information.package_discovery:Found 1 installed packages in /home/sunrise/cartographer_ws/install
[1.502s] DEBUG:colcon.colcon_installed_package_information.package_discovery:Found 2 installed packages in /home/sunrise/bluesea2_ws/install
[1.510s] DEBUG:colcon.colcon_installed_package_information.package_discovery:Found 273 installed packages in /opt/ros/humble
[1.522s] Level 1:colcon.colcon_core.package_discovery:discover_packages(prefix_path) using defaults
[1.812s] Level 5:colcon.colcon_core.verb:set package 'carto_description' build argument 'cmake_args' from command line to 'None'
[1.813s] Level 5:colcon.colcon_core.verb:set package 'carto_description' build argument 'cmake_target' from command line to 'None'
[1.813s] Level 5:colcon.colcon_core.verb:set package 'carto_description' build argument 'cmake_target_skip_unavailable' from command line to 'False'
[1.813s] Level 5:colcon.colcon_core.verb:set package 'carto_description' build argument 'cmake_clean_cache' from command line to 'False'
[1.814s] Level 5:colcon.colcon_core.verb:set package 'carto_description' build argument 'cmake_clean_first' from command line to 'False'
[1.814s] Level 5:colcon.colcon_core.verb:set package 'carto_description' build argument 'cmake_force_configure' from command line to 'False'
[1.814s] Level 5:colcon.colcon_core.verb:set package 'carto_description' build argument 'ament_cmake_args' from command line to 'None'
[1.814s] Level 5:colcon.colcon_core.verb:set package 'carto_description' build argument 'catkin_cmake_args' from command line to 'None'
[1.814s] Level 5:colcon.colcon_core.verb:set package 'carto_description' build argument 'catkin_skip_building_tests' from command line to 'False'
[1.814s] DEBUG:colcon.colcon_core.verb:Building package 'carto_description' with the following arguments: {'ament_cmake_args': None, 'build_base': '/home/sunrise/lidar_locate_ws/lidar_locate_ws/src/build/carto_description', 'catkin_cmake_args': None, 'catkin_skip_building_tests': False, 'cmake_args': None, 'cmake_clean_cache': False, 'cmake_clean_first': False, 'cmake_force_configure': False, 'cmake_target': None, 'cmake_target_skip_unavailable': False, 'install_base': '/home/sunrise/lidar_locate_ws/lidar_locate_ws/src/install/carto_description', 'merge_install': False, 'path': '/home/sunrise/lidar_locate_ws/lidar_locate_ws/src/carto_description', 'symlink_install': False, 'test_result_base': None}
[1.817s] Level 5:colcon.colcon_core.verb:set package 'pid_control' build argument 'cmake_args' from command line to 'None'
[1.818s] Level 5:colcon.colcon_core.verb:set package 'pid_control' build argument 'cmake_target' from command line to 'None'
[1.818s] Level 5:colcon.colcon_core.verb:set package 'pid_control' build argument 'cmake_target_skip_unavailable' from command line to 'False'
[1.818s] Level 5:colcon.colcon_core.verb:set package 'pid_control' build argument 'cmake_clean_cache' from command line to 'False'
[1.818s] Level 5:colcon.colcon_core.verb:set package 'pid_control' build argument 'cmake_clean_first' from command line to 'False'
[1.818s] Level 5:colcon.colcon_core.verb:set package 'pid_control' build argument 'cmake_force_configure' from command line to 'False'
[1.819s] Level 5:colcon.colcon_core.verb:set package 'pid_control' build argument 'ament_cmake_args' from command line to 'None'
[1.819s] Level 5:colcon.colcon_core.verb:set package 'pid_control' build argument 'catkin_cmake_args' from command line to 'None'
[1.819s] Level 5:colcon.colcon_core.verb:set package 'pid_control' build argument 'catkin_skip_building_tests' from command line to 'False'
[1.819s] DEBUG:colcon.colcon_core.verb:Building package 'pid_control' with the following arguments: {'ament_cmake_args': None, 'build_base': '/home/sunrise/lidar_locate_ws/lidar_locate_ws/src/build/pid_control', 'catkin_cmake_args': None, 'catkin_skip_building_tests': False, 'cmake_args': None, 'cmake_clean_cache': False, 'cmake_clean_first': False, 'cmake_force_configure': False, 'cmake_target': None, 'cmake_target_skip_unavailable': False, 'install_base': '/home/sunrise/lidar_locate_ws/lidar_locate_ws/src/install/pid_control', 'merge_install': False, 'path': '/home/sunrise/lidar_locate_ws/lidar_locate_ws/src/pid_control', 'symlink_install': False, 'test_result_base': None}
[1.822s] Level 5:colcon.colcon_core.verb:set package 'uart_to_mcu' build argument 'cmake_args' from command line to 'None'
[1.822s] Level 5:colcon.colcon_core.verb:set package 'uart_to_mcu' build argument 'cmake_target' from command line to 'None'
[1.822s] Level 5:colcon.colcon_core.verb:set package 'uart_to_mcu' build argument 'cmake_target_skip_unavailable' from command line to 'False'
[1.823s] Level 5:colcon.colcon_core.verb:set package 'uart_to_mcu' build argument 'cmake_clean_cache' from command line to 'False'
[1.823s] Level 5:colcon.colcon_core.verb:set package 'uart_to_mcu' build argument 'cmake_clean_first' from command line to 'False'
[1.823s] Level 5:colcon.colcon_core.verb:set package 'uart_to_mcu' build argument 'cmake_force_configure' from command line to 'False'
[1.823s] Level 5:colcon.colcon_core.verb:set package 'uart_to_mcu' build argument 'ament_cmake_args' from command line to 'None'
[1.823s] Level 5:colcon.colcon_core.verb:set package 'uart_to_mcu' build argument 'catkin_cmake_args' from command line to 'None'
[1.823s] Level 5:colcon.colcon_core.verb:set package 'uart_to_mcu' build argument 'catkin_skip_building_tests' from command line to 'False'
[1.824s] DEBUG:colcon.colcon_core.verb:Building package 'uart_to_mcu' with the following arguments: {'ament_cmake_args': None, 'build_base': '/home/sunrise/lidar_locate_ws/lidar_locate_ws/src/build/uart_to_mcu', 'catkin_cmake_args': None, 'catkin_skip_building_tests': False, 'cmake_args': None, 'cmake_clean_cache': False, 'cmake_clean_first': False, 'cmake_force_configure': False, 'cmake_target': None, 'cmake_target_skip_unavailable': False, 'install_base': '/home/sunrise/lidar_locate_ws/lidar_locate_ws/src/install/uart_to_mcu', 'merge_install': False, 'path': '/home/sunrise/lidar_locate_ws/lidar_locate_ws/src/uart_to_mcu', 'symlink_install': False, 'test_result_base': None}
[1.826s] Level 5:colcon.colcon_core.verb:set package 'my_launch' build argument 'cmake_args' from command line to 'None'
[1.827s] Level 5:colcon.colcon_core.verb:set package 'my_launch' build argument 'cmake_target' from command line to 'None'
[1.827s] Level 5:colcon.colcon_core.verb:set package 'my_launch' build argument 'cmake_target_skip_unavailable' from command line to 'False'
[1.827s] Level 5:colcon.colcon_core.verb:set package 'my_launch' build argument 'cmake_clean_cache' from command line to 'False'
[1.827s] Level 5:colcon.colcon_core.verb:set package 'my_launch' build argument 'cmake_clean_first' from command line to 'False'
[1.827s] Level 5:colcon.colcon_core.verb:set package 'my_launch' build argument 'cmake_force_configure' from command line to 'False'
[1.828s] Level 5:colcon.colcon_core.verb:set package 'my_launch' build argument 'ament_cmake_args' from command line to 'None'
[1.828s] Level 5:colcon.colcon_core.verb:set package 'my_launch' build argument 'catkin_cmake_args' from command line to 'None'
[1.828s] Level 5:colcon.colcon_core.verb:set package 'my_launch' build argument 'catkin_skip_building_tests' from command line to 'False'
[1.828s] DEBUG:colcon.colcon_core.verb:Building package 'my_launch' with the following arguments: {'ament_cmake_args': None, 'build_base': '/home/sunrise/lidar_locate_ws/lidar_locate_ws/src/build/my_launch', 'catkin_cmake_args': None, 'catkin_skip_building_tests': False, 'cmake_args': None, 'cmake_clean_cache': False, 'cmake_clean_first': False, 'cmake_force_configure': False, 'cmake_target': None, 'cmake_target_skip_unavailable': False, 'install_base': '/home/sunrise/lidar_locate_ws/lidar_locate_ws/src/install/my_launch', 'merge_install': False, 'path': '/home/sunrise/lidar_locate_ws/lidar_locate_ws/src/my_launch', 'symlink_install': False, 'test_result_base': None}
[1.829s] INFO:colcon.colcon_core.executor:Executing jobs using 'parallel' executor
[1.834s] DEBUG:colcon.colcon_parallel_executor.executor.parallel:run_until_complete
[1.836s] INFO:colcon.colcon_ros.task.ament_cmake.build:Building ROS package in '/home/sunrise/lidar_locate_ws/lidar_locate_ws/src/pid_control' with build type 'ament_cmake'
[1.837s] INFO:colcon.colcon_cmake.task.cmake.build:Building CMake package in '/home/sunrise/lidar_locate_ws/lidar_locate_ws/src/pid_control'
[1.857s] INFO:colcon.colcon_core.plugin_system:Skipping extension 'colcon_core.shell.bat': Not used on non-Windows systems
[1.858s] INFO:colcon.colcon_core.shell:Skip shell extension 'powershell' for command environment: Not usable outside of PowerShell
[1.859s] DEBUG:colcon.colcon_core.shell:Skip shell extension 'dsv' for command environment
[1.880s] INFO:colcon.colcon_ros.task.ament_cmake.build:Building ROS package in '/home/sunrise/lidar_locate_ws/lidar_locate_ws/src/uart_to_mcu' with build type 'ament_cmake'
[1.881s] INFO:colcon.colcon_cmake.task.cmake.build:Building CMake package in '/home/sunrise/lidar_locate_ws/lidar_locate_ws/src/uart_to_mcu'
[1.883s] INFO:colcon.colcon_core.shell:Skip shell extension 'powershell' for command environment: Not usable outside of PowerShell
[1.883s] DEBUG:colcon.colcon_core.shell:Skip shell extension 'dsv' for command environment
[1.902s] INFO:colcon.colcon_ros.task.ament_cmake.build:Building ROS package in '/home/sunrise/lidar_locate_ws/lidar_locate_ws/src/carto_description' with build type 'ament_cmake'
[1.903s] INFO:colcon.colcon_cmake.task.cmake.build:Building CMake package in '/home/sunrise/lidar_locate_ws/lidar_locate_ws/src/carto_description'
[1.905s] INFO:colcon.colcon_core.shell:Skip shell extension 'powershell' for command environment: Not usable outside of PowerShell
[1.905s] DEBUG:colcon.colcon_core.shell:Skip shell extension 'dsv' for command environment
[1.939s] DEBUG:colcon.colcon_core.event_handler.log_command:Invoking command in '/home/sunrise/lidar_locate_ws/lidar_locate_ws/src/build/pid_control': CMAKE_PREFIX_PATH=${CMAKE_PREFIX_PATH}:/opt/ros/humble /usr/bin/cmake /home/sunrise/lidar_locate_ws/lidar_locate_ws/src/pid_control -DCMAKE_INSTALL_PREFIX=/home/sunrise/lidar_locate_ws/lidar_locate_ws/src/install/pid_control
[1.961s] DEBUG:colcon.colcon_core.event_handler.log_command:Invoking command in '/home/sunrise/lidar_locate_ws/lidar_locate_ws/src/build/uart_to_mcu': CMAKE_PREFIX_PATH=${CMAKE_PREFIX_PATH}:/opt/ros/humble /usr/bin/cmake /home/sunrise/lidar_locate_ws/lidar_locate_ws/src/uart_to_mcu -DCMAKE_INSTALL_PREFIX=/home/sunrise/lidar_locate_ws/lidar_locate_ws/src/install/uart_to_mcu
[1.975s] DEBUG:colcon.colcon_core.event_handler.log_command:Invoking command in '/home/sunrise/lidar_locate_ws/lidar_locate_ws/src/build/carto_description': CMAKE_PREFIX_PATH=${CMAKE_PREFIX_PATH}:/opt/ros/humble /usr/bin/cmake /home/sunrise/lidar_locate_ws/lidar_locate_ws/src/carto_description -DCMAKE_INSTALL_PREFIX=/home/sunrise/lidar_locate_ws/lidar_locate_ws/src/install/carto_description
[10.988s] DEBUG:colcon.colcon_core.event_handler.log_command:Invoked command in '/home/sunrise/lidar_locate_ws/lidar_locate_ws/src/build/carto_description' returned '0': CMAKE_PREFIX_PATH=${CMAKE_PREFIX_PATH}:/opt/ros/humble /usr/bin/cmake /home/sunrise/lidar_locate_ws/lidar_locate_ws/src/carto_description -DCMAKE_INSTALL_PREFIX=/home/sunrise/lidar_locate_ws/lidar_locate_ws/src/install/carto_description
[10.998s] DEBUG:colcon.colcon_core.event_handler.log_command:Invoking command in '/home/sunrise/lidar_locate_ws/lidar_locate_ws/src/build/carto_description': CMAKE_PREFIX_PATH=${CMAKE_PREFIX_PATH}:/opt/ros/humble /usr/bin/cmake --build /home/sunrise/lidar_locate_ws/lidar_locate_ws/src/build/carto_description -- -j8 -l8
[11.020s] DEBUG:colcon.colcon_core.event_handler.log_command:Invoked command in '/home/sunrise/lidar_locate_ws/lidar_locate_ws/src/build/uart_to_mcu' returned '0': CMAKE_PREFIX_PATH=${CMAKE_PREFIX_PATH}:/opt/ros/humble /usr/bin/cmake /home/sunrise/lidar_locate_ws/lidar_locate_ws/src/uart_to_mcu -DCMAKE_INSTALL_PREFIX=/home/sunrise/lidar_locate_ws/lidar_locate_ws/src/install/uart_to_mcu
[11.029s] DEBUG:colcon.colcon_core.event_handler.log_command:Invoking command in '/home/sunrise/lidar_locate_ws/lidar_locate_ws/src/build/uart_to_mcu': CMAKE_PREFIX_PATH=${CMAKE_PREFIX_PATH}:/opt/ros/humble /usr/bin/cmake --build /home/sunrise/lidar_locate_ws/lidar_locate_ws/src/build/uart_to_mcu -- -j8 -l8
[11.115s] DEBUG:colcon.colcon_core.event_handler.log_command:Invoked command in '/home/sunrise/lidar_locate_ws/lidar_locate_ws/src/build/pid_control' returned '0': CMAKE_PREFIX_PATH=${CMAKE_PREFIX_PATH}:/opt/ros/humble /usr/bin/cmake /home/sunrise/lidar_locate_ws/lidar_locate_ws/src/pid_control -DCMAKE_INSTALL_PREFIX=/home/sunrise/lidar_locate_ws/lidar_locate_ws/src/install/pid_control
[11.123s] DEBUG:colcon.colcon_core.event_handler.log_command:Invoking command in '/home/sunrise/lidar_locate_ws/lidar_locate_ws/src/build/pid_control': CMAKE_PREFIX_PATH=${CMAKE_PREFIX_PATH}:/opt/ros/humble /usr/bin/cmake --build /home/sunrise/lidar_locate_ws/lidar_locate_ws/src/build/pid_control -- -j8 -l8
[11.191s] DEBUG:colcon.colcon_core.event_handler.log_command:Invoked command in '/home/sunrise/lidar_locate_ws/lidar_locate_ws/src/build/carto_description' returned '0': CMAKE_PREFIX_PATH=${CMAKE_PREFIX_PATH}:/opt/ros/humble /usr/bin/cmake --build /home/sunrise/lidar_locate_ws/lidar_locate_ws/src/build/carto_description -- -j8 -l8
[11.240s] DEBUG:colcon.colcon_core.event_handler.log_command:Invoking command in '/home/sunrise/lidar_locate_ws/lidar_locate_ws/src/build/carto_description': CMAKE_PREFIX_PATH=${CMAKE_PREFIX_PATH}:/opt/ros/humble /usr/bin/cmake --install /home/sunrise/lidar_locate_ws/lidar_locate_ws/src/build/carto_description
[11.294s] Level 1:colcon.colcon_core.environment:create_environment_scripts_only(carto_description)
[11.299s] DEBUG:colcon.colcon_core.event_handler.log_command:Invoked command in '/home/sunrise/lidar_locate_ws/lidar_locate_ws/src/build/carto_description' returned '0': CMAKE_PREFIX_PATH=${CMAKE_PREFIX_PATH}:/opt/ros/humble /usr/bin/cmake --install /home/sunrise/lidar_locate_ws/lidar_locate_ws/src/build/carto_description
[11.332s] Level 1:colcon.colcon_core.environment:checking '/home/sunrise/lidar_locate_ws/lidar_locate_ws/src/install/carto_description' for CMake module files
[11.336s] Level 1:colcon.colcon_core.environment:checking '/home/sunrise/lidar_locate_ws/lidar_locate_ws/src/install/carto_description' for CMake config files
[11.337s] Level 1:colcon.colcon_core.shell:create_environment_hook('carto_description', 'cmake_prefix_path')
[11.338s] INFO:colcon.colcon_core.shell:Creating environment hook '/home/sunrise/lidar_locate_ws/lidar_locate_ws/src/install/carto_description/share/carto_description/hook/cmake_prefix_path.ps1'
[11.345s] INFO:colcon.colcon_core.shell:Creating environment descriptor '/home/sunrise/lidar_locate_ws/lidar_locate_ws/src/install/carto_description/share/carto_description/hook/cmake_prefix_path.dsv'
[11.354s] INFO:colcon.colcon_core.shell:Creating environment hook '/home/sunrise/lidar_locate_ws/lidar_locate_ws/src/install/carto_description/share/carto_description/hook/cmake_prefix_path.sh'
[11.360s] Level 1:colcon.colcon_core.environment:checking '/home/sunrise/lidar_locate_ws/lidar_locate_ws/src/install/carto_description/bin'
[11.361s] Level 1:colcon.colcon_core.environment:checking '/home/sunrise/lidar_locate_ws/lidar_locate_ws/src/install/carto_description/lib/pkgconfig/carto_description.pc'
[11.363s] Level 1:colcon.colcon_core.environment:checking '/home/sunrise/lidar_locate_ws/lidar_locate_ws/src/install/carto_description/lib/python3.10/site-packages'
[11.365s] Level 1:colcon.colcon_core.environment:checking '/home/sunrise/lidar_locate_ws/lidar_locate_ws/src/install/carto_description/bin'
[11.368s] INFO:colcon.colcon_core.shell:Creating package script '/home/sunrise/lidar_locate_ws/lidar_locate_ws/src/install/carto_description/share/carto_description/package.ps1'
[11.376s] INFO:colcon.colcon_core.shell:Creating package descriptor '/home/sunrise/lidar_locate_ws/lidar_locate_ws/src/install/carto_description/share/carto_description/package.dsv'
[11.380s] INFO:colcon.colcon_core.shell:Creating package script '/home/sunrise/lidar_locate_ws/lidar_locate_ws/src/install/carto_description/share/carto_description/package.sh'
[11.386s] INFO:colcon.colcon_core.shell:Creating package script '/home/sunrise/lidar_locate_ws/lidar_locate_ws/src/install/carto_description/share/carto_description/package.bash'
[11.393s] INFO:colcon.colcon_core.shell:Creating package script '/home/sunrise/lidar_locate_ws/lidar_locate_ws/src/install/carto_description/share/carto_description/package.zsh'
[11.399s] Level 1:colcon.colcon_core.environment:create_file_with_runtime_dependencies(/home/sunrise/lidar_locate_ws/lidar_locate_ws/src/install/carto_description/share/colcon-core/packages/carto_description)
[11.402s] Level 1:colcon.colcon_core.environment:create_environment_scripts_only(carto_description)
[11.404s] Level 1:colcon.colcon_core.environment:checking '/home/sunrise/lidar_locate_ws/lidar_locate_ws/src/install/carto_description' for CMake module files
[11.407s] Level 1:colcon.colcon_core.environment:checking '/home/sunrise/lidar_locate_ws/lidar_locate_ws/src/install/carto_description' for CMake config files
[11.408s] Level 1:colcon.colcon_core.shell:create_environment_hook('carto_description', 'cmake_prefix_path')
[11.410s] INFO:colcon.colcon_core.shell:Creating environment hook '/home/sunrise/lidar_locate_ws/lidar_locate_ws/src/install/carto_description/share/carto_description/hook/cmake_prefix_path.ps1'
[11.414s] INFO:colcon.colcon_core.shell:Creating environment descriptor '/home/sunrise/lidar_locate_ws/lidar_locate_ws/src/install/carto_description/share/carto_description/hook/cmake_prefix_path.dsv'
[11.416s] INFO:colcon.colcon_core.shell:Creating environment hook '/home/sunrise/lidar_locate_ws/lidar_locate_ws/src/install/carto_description/share/carto_description/hook/cmake_prefix_path.sh'
[11.420s] Level 1:colcon.colcon_core.environment:checking '/home/sunrise/lidar_locate_ws/lidar_locate_ws/src/install/carto_description/bin'
[11.420s] Level 1:colcon.colcon_core.environment:checking '/home/sunrise/lidar_locate_ws/lidar_locate_ws/src/install/carto_description/lib/pkgconfig/carto_description.pc'
[11.422s] Level 1:colcon.colcon_core.environment:checking '/home/sunrise/lidar_locate_ws/lidar_locate_ws/src/install/carto_description/lib/python3.10/site-packages'
[11.424s] Level 1:colcon.colcon_core.environment:checking '/home/sunrise/lidar_locate_ws/lidar_locate_ws/src/install/carto_description/bin'
[11.427s] INFO:colcon.colcon_core.shell:Creating package script '/home/sunrise/lidar_locate_ws/lidar_locate_ws/src/install/carto_description/share/carto_description/package.ps1'
[11.432s] INFO:colcon.colcon_core.shell:Creating package descriptor '/home/sunrise/lidar_locate_ws/lidar_locate_ws/src/install/carto_description/share/carto_description/package.dsv'
[11.435s] INFO:colcon.colcon_core.shell:Creating package script '/home/sunrise/lidar_locate_ws/lidar_locate_ws/src/install/carto_description/share/carto_description/package.sh'
[11.438s] INFO:colcon.colcon_core.shell:Creating package script '/home/sunrise/lidar_locate_ws/lidar_locate_ws/src/install/carto_description/share/carto_description/package.bash'
[11.441s] INFO:colcon.colcon_core.shell:Creating package script '/home/sunrise/lidar_locate_ws/lidar_locate_ws/src/install/carto_description/share/carto_description/package.zsh'
[11.445s] Level 1:colcon.colcon_core.environment:create_file_with_runtime_dependencies(/home/sunrise/lidar_locate_ws/lidar_locate_ws/src/install/carto_description/share/colcon-core/packages/carto_description)
[68.439s] DEBUG:colcon.colcon_core.event_handler.log_command:Invoked command in '/home/sunrise/lidar_locate_ws/lidar_locate_ws/src/build/uart_to_mcu' returned '0': CMAKE_PREFIX_PATH=${CMAKE_PREFIX_PATH}:/opt/ros/humble /usr/bin/cmake --build /home/sunrise/lidar_locate_ws/lidar_locate_ws/src/build/uart_to_mcu -- -j8 -l8
[68.446s] DEBUG:colcon.colcon_core.event_handler.log_command:Invoking command in '/home/sunrise/lidar_locate_ws/lidar_locate_ws/src/build/uart_to_mcu': CMAKE_PREFIX_PATH=${CMAKE_PREFIX_PATH}:/opt/ros/humble /usr/bin/cmake --install /home/sunrise/lidar_locate_ws/lidar_locate_ws/src/build/uart_to_mcu
[68.525s] Level 1:colcon.colcon_core.environment:create_environment_scripts_only(uart_to_mcu)
[68.527s] Level 1:colcon.colcon_core.environment:checking '/home/sunrise/lidar_locate_ws/lidar_locate_ws/src/install/uart_to_mcu' for CMake module files
[68.529s] DEBUG:colcon.colcon_core.event_handler.log_command:Invoked command in '/home/sunrise/lidar_locate_ws/lidar_locate_ws/src/build/uart_to_mcu' returned '0': CMAKE_PREFIX_PATH=${CMAKE_PREFIX_PATH}:/opt/ros/humble /usr/bin/cmake --install /home/sunrise/lidar_locate_ws/lidar_locate_ws/src/build/uart_to_mcu
[68.532s] Level 1:colcon.colcon_core.environment:checking '/home/sunrise/lidar_locate_ws/lidar_locate_ws/src/install/uart_to_mcu' for CMake config files
[68.533s] Level 1:colcon.colcon_core.shell:create_environment_hook('uart_to_mcu', 'cmake_prefix_path')
[68.535s] INFO:colcon.colcon_core.shell:Creating environment hook '/home/sunrise/lidar_locate_ws/lidar_locate_ws/src/install/uart_to_mcu/share/uart_to_mcu/hook/cmake_prefix_path.ps1'
[68.538s] INFO:colcon.colcon_core.shell:Creating environment descriptor '/home/sunrise/lidar_locate_ws/lidar_locate_ws/src/install/uart_to_mcu/share/uart_to_mcu/hook/cmake_prefix_path.dsv'
[68.540s] INFO:colcon.colcon_core.shell:Creating environment hook '/home/sunrise/lidar_locate_ws/lidar_locate_ws/src/install/uart_to_mcu/share/uart_to_mcu/hook/cmake_prefix_path.sh'
[68.543s] Level 1:colcon.colcon_core.environment:checking '/home/sunrise/lidar_locate_ws/lidar_locate_ws/src/install/uart_to_mcu/lib'
[68.545s] Level 1:colcon.colcon_core.environment:checking '/home/sunrise/lidar_locate_ws/lidar_locate_ws/src/install/uart_to_mcu/bin'
[68.545s] Level 1:colcon.colcon_core.environment:checking '/home/sunrise/lidar_locate_ws/lidar_locate_ws/src/install/uart_to_mcu/lib/pkgconfig/uart_to_mcu.pc'
[68.547s] Level 1:colcon.colcon_core.environment:checking '/home/sunrise/lidar_locate_ws/lidar_locate_ws/src/install/uart_to_mcu/lib/python3.10/site-packages'
[68.549s] Level 1:colcon.colcon_core.environment:checking '/home/sunrise/lidar_locate_ws/lidar_locate_ws/src/install/uart_to_mcu/bin'
[68.552s] INFO:colcon.colcon_core.shell:Creating package script '/home/sunrise/lidar_locate_ws/lidar_locate_ws/src/install/uart_to_mcu/share/uart_to_mcu/package.ps1'
[68.556s] INFO:colcon.colcon_core.shell:Creating package descriptor '/home/sunrise/lidar_locate_ws/lidar_locate_ws/src/install/uart_to_mcu/share/uart_to_mcu/package.dsv'
[68.559s] INFO:colcon.colcon_core.shell:Creating package script '/home/sunrise/lidar_locate_ws/lidar_locate_ws/src/install/uart_to_mcu/share/uart_to_mcu/package.sh'
[68.562s] INFO:colcon.colcon_core.shell:Creating package script '/home/sunrise/lidar_locate_ws/lidar_locate_ws/src/install/uart_to_mcu/share/uart_to_mcu/package.bash'
[68.564s] INFO:colcon.colcon_core.shell:Creating package script '/home/sunrise/lidar_locate_ws/lidar_locate_ws/src/install/uart_to_mcu/share/uart_to_mcu/package.zsh'
[68.567s] Level 1:colcon.colcon_core.environment:create_file_with_runtime_dependencies(/home/sunrise/lidar_locate_ws/lidar_locate_ws/src/install/uart_to_mcu/share/colcon-core/packages/uart_to_mcu)
[68.571s] Level 1:colcon.colcon_core.environment:create_environment_scripts_only(uart_to_mcu)
[68.573s] Level 1:colcon.colcon_core.environment:checking '/home/sunrise/lidar_locate_ws/lidar_locate_ws/src/install/uart_to_mcu' for CMake module files
[68.576s] Level 1:colcon.colcon_core.environment:checking '/home/sunrise/lidar_locate_ws/lidar_locate_ws/src/install/uart_to_mcu' for CMake config files
[68.578s] Level 1:colcon.colcon_core.shell:create_environment_hook('uart_to_mcu', 'cmake_prefix_path')
[68.580s] INFO:colcon.colcon_core.shell:Creating environment hook '/home/sunrise/lidar_locate_ws/lidar_locate_ws/src/install/uart_to_mcu/share/uart_to_mcu/hook/cmake_prefix_path.ps1'
[68.583s] INFO:colcon.colcon_core.shell:Creating environment descriptor '/home/sunrise/lidar_locate_ws/lidar_locate_ws/src/install/uart_to_mcu/share/uart_to_mcu/hook/cmake_prefix_path.dsv'
[68.585s] INFO:colcon.colcon_core.shell:Creating environment hook '/home/sunrise/lidar_locate_ws/lidar_locate_ws/src/install/uart_to_mcu/share/uart_to_mcu/hook/cmake_prefix_path.sh'
[68.589s] Level 1:colcon.colcon_core.environment:checking '/home/sunrise/lidar_locate_ws/lidar_locate_ws/src/install/uart_to_mcu/lib'
[68.590s] Level 1:colcon.colcon_core.environment:checking '/home/sunrise/lidar_locate_ws/lidar_locate_ws/src/install/uart_to_mcu/bin'
[68.590s] Level 1:colcon.colcon_core.environment:checking '/home/sunrise/lidar_locate_ws/lidar_locate_ws/src/install/uart_to_mcu/lib/pkgconfig/uart_to_mcu.pc'
[68.591s] Level 1:colcon.colcon_core.environment:checking '/home/sunrise/lidar_locate_ws/lidar_locate_ws/src/install/uart_to_mcu/lib/python3.10/site-packages'
[68.594s] Level 1:colcon.colcon_core.environment:checking '/home/sunrise/lidar_locate_ws/lidar_locate_ws/src/install/uart_to_mcu/bin'
[68.596s] INFO:colcon.colcon_core.shell:Creating package script '/home/sunrise/lidar_locate_ws/lidar_locate_ws/src/install/uart_to_mcu/share/uart_to_mcu/package.ps1'
[68.601s] INFO:colcon.colcon_core.shell:Creating package descriptor '/home/sunrise/lidar_locate_ws/lidar_locate_ws/src/install/uart_to_mcu/share/uart_to_mcu/package.dsv'
[68.604s] INFO:colcon.colcon_core.shell:Creating package script '/home/sunrise/lidar_locate_ws/lidar_locate_ws/src/install/uart_to_mcu/share/uart_to_mcu/package.sh'
[68.608s] INFO:colcon.colcon_core.shell:Creating package script '/home/sunrise/lidar_locate_ws/lidar_locate_ws/src/install/uart_to_mcu/share/uart_to_mcu/package.bash'
[68.611s] INFO:colcon.colcon_core.shell:Creating package script '/home/sunrise/lidar_locate_ws/lidar_locate_ws/src/install/uart_to_mcu/share/uart_to_mcu/package.zsh'
[68.614s] Level 1:colcon.colcon_core.environment:create_file_with_runtime_dependencies(/home/sunrise/lidar_locate_ws/lidar_locate_ws/src/install/uart_to_mcu/share/colcon-core/packages/uart_to_mcu)
[98.635s] DEBUG:colcon.colcon_core.event_handler.log_command:Invoked command in '/home/sunrise/lidar_locate_ws/lidar_locate_ws/src/build/pid_control' returned '0': CMAKE_PREFIX_PATH=${CMAKE_PREFIX_PATH}:/opt/ros/humble /usr/bin/cmake --build /home/sunrise/lidar_locate_ws/lidar_locate_ws/src/build/pid_control -- -j8 -l8
[98.642s] DEBUG:colcon.colcon_core.event_handler.log_command:Invoking command in '/home/sunrise/lidar_locate_ws/lidar_locate_ws/src/build/pid_control': CMAKE_PREFIX_PATH=${CMAKE_PREFIX_PATH}:/opt/ros/humble /usr/bin/cmake --install /home/sunrise/lidar_locate_ws/lidar_locate_ws/src/build/pid_control
[98.736s] Level 1:colcon.colcon_core.environment:create_environment_scripts_only(pid_control)
[98.738s] Level 1:colcon.colcon_core.environment:checking '/home/sunrise/lidar_locate_ws/lidar_locate_ws/src/install/pid_control' for CMake module files
[98.740s] DEBUG:colcon.colcon_core.event_handler.log_command:Invoked command in '/home/sunrise/lidar_locate_ws/lidar_locate_ws/src/build/pid_control' returned '0': CMAKE_PREFIX_PATH=${CMAKE_PREFIX_PATH}:/opt/ros/humble /usr/bin/cmake --install /home/sunrise/lidar_locate_ws/lidar_locate_ws/src/build/pid_control
[98.742s] Level 1:colcon.colcon_core.environment:checking '/home/sunrise/lidar_locate_ws/lidar_locate_ws/src/install/pid_control' for CMake config files
[98.744s] Level 1:colcon.colcon_core.shell:create_environment_hook('pid_control', 'cmake_prefix_path')
[98.746s] INFO:colcon.colcon_core.shell:Creating environment hook '/home/sunrise/lidar_locate_ws/lidar_locate_ws/src/install/pid_control/share/pid_control/hook/cmake_prefix_path.ps1'
[98.748s] INFO:colcon.colcon_core.shell:Creating environment descriptor '/home/sunrise/lidar_locate_ws/lidar_locate_ws/src/install/pid_control/share/pid_control/hook/cmake_prefix_path.dsv'
[98.750s] INFO:colcon.colcon_core.shell:Creating environment hook '/home/sunrise/lidar_locate_ws/lidar_locate_ws/src/install/pid_control/share/pid_control/hook/cmake_prefix_path.sh'
[98.753s] Level 1:colcon.colcon_core.environment:checking '/home/sunrise/lidar_locate_ws/lidar_locate_ws/src/install/pid_control/lib'
[98.754s] Level 1:colcon.colcon_core.environment:checking '/home/sunrise/lidar_locate_ws/lidar_locate_ws/src/install/pid_control/bin'
[98.754s] Level 1:colcon.colcon_core.environment:checking '/home/sunrise/lidar_locate_ws/lidar_locate_ws/src/install/pid_control/lib/pkgconfig/pid_control.pc'
[98.756s] Level 1:colcon.colcon_core.environment:checking '/home/sunrise/lidar_locate_ws/lidar_locate_ws/src/install/pid_control/lib/python3.10/site-packages'
[98.758s] Level 1:colcon.colcon_core.environment:checking '/home/sunrise/lidar_locate_ws/lidar_locate_ws/src/install/pid_control/bin'
[98.760s] INFO:colcon.colcon_core.shell:Creating package script '/home/sunrise/lidar_locate_ws/lidar_locate_ws/src/install/pid_control/share/pid_control/package.ps1'
[98.764s] INFO:colcon.colcon_core.shell:Creating package descriptor '/home/sunrise/lidar_locate_ws/lidar_locate_ws/src/install/pid_control/share/pid_control/package.dsv'
[98.767s] INFO:colcon.colcon_core.shell:Creating package script '/home/sunrise/lidar_locate_ws/lidar_locate_ws/src/install/pid_control/share/pid_control/package.sh'
[98.769s] INFO:colcon.colcon_core.shell:Creating package script '/home/sunrise/lidar_locate_ws/lidar_locate_ws/src/install/pid_control/share/pid_control/package.bash'
[98.772s] INFO:colcon.colcon_core.shell:Creating package script '/home/sunrise/lidar_locate_ws/lidar_locate_ws/src/install/pid_control/share/pid_control/package.zsh'
[98.774s] Level 1:colcon.colcon_core.environment:create_file_with_runtime_dependencies(/home/sunrise/lidar_locate_ws/lidar_locate_ws/src/install/pid_control/share/colcon-core/packages/pid_control)
[98.777s] Level 1:colcon.colcon_core.environment:create_environment_scripts_only(pid_control)
[98.779s] Level 1:colcon.colcon_core.environment:checking '/home/sunrise/lidar_locate_ws/lidar_locate_ws/src/install/pid_control' for CMake module files
[98.782s] Level 1:colcon.colcon_core.environment:checking '/home/sunrise/lidar_locate_ws/lidar_locate_ws/src/install/pid_control' for CMake config files
[98.784s] Level 1:colcon.colcon_core.shell:create_environment_hook('pid_control', 'cmake_prefix_path')
[98.786s] INFO:colcon.colcon_core.shell:Creating environment hook '/home/sunrise/lidar_locate_ws/lidar_locate_ws/src/install/pid_control/share/pid_control/hook/cmake_prefix_path.ps1'
[98.788s] INFO:colcon.colcon_core.shell:Creating environment descriptor '/home/sunrise/lidar_locate_ws/lidar_locate_ws/src/install/pid_control/share/pid_control/hook/cmake_prefix_path.dsv'
[98.790s] INFO:colcon.colcon_core.shell:Creating environment hook '/home/sunrise/lidar_locate_ws/lidar_locate_ws/src/install/pid_control/share/pid_control/hook/cmake_prefix_path.sh'
[98.794s] Level 1:colcon.colcon_core.environment:checking '/home/sunrise/lidar_locate_ws/lidar_locate_ws/src/install/pid_control/lib'
[98.794s] Level 1:colcon.colcon_core.environment:checking '/home/sunrise/lidar_locate_ws/lidar_locate_ws/src/install/pid_control/bin'
[98.795s] Level 1:colcon.colcon_core.environment:checking '/home/sunrise/lidar_locate_ws/lidar_locate_ws/src/install/pid_control/lib/pkgconfig/pid_control.pc'
[98.796s] Level 1:colcon.colcon_core.environment:checking '/home/sunrise/lidar_locate_ws/lidar_locate_ws/src/install/pid_control/lib/python3.10/site-packages'
[98.798s] Level 1:colcon.colcon_core.environment:checking '/home/sunrise/lidar_locate_ws/lidar_locate_ws/src/install/pid_control/bin'
[98.800s] INFO:colcon.colcon_core.shell:Creating package script '/home/sunrise/lidar_locate_ws/lidar_locate_ws/src/install/pid_control/share/pid_control/package.ps1'
[98.805s] INFO:colcon.colcon_core.shell:Creating package descriptor '/home/sunrise/lidar_locate_ws/lidar_locate_ws/src/install/pid_control/share/pid_control/package.dsv'
[98.808s] INFO:colcon.colcon_core.shell:Creating package script '/home/sunrise/lidar_locate_ws/lidar_locate_ws/src/install/pid_control/share/pid_control/package.sh'
[98.811s] INFO:colcon.colcon_core.shell:Creating package script '/home/sunrise/lidar_locate_ws/lidar_locate_ws/src/install/pid_control/share/pid_control/package.bash'
[98.814s] INFO:colcon.colcon_core.shell:Creating package script '/home/sunrise/lidar_locate_ws/lidar_locate_ws/src/install/pid_control/share/pid_control/package.zsh'
[98.817s] Level 1:colcon.colcon_core.environment:create_file_with_runtime_dependencies(/home/sunrise/lidar_locate_ws/lidar_locate_ws/src/install/pid_control/share/colcon-core/packages/pid_control)
[98.819s] INFO:colcon.colcon_ros.task.ament_python.build:Building ROS package in '/home/sunrise/lidar_locate_ws/lidar_locate_ws/src/my_launch' with build type 'ament_python'
[98.820s] Level 1:colcon.colcon_core.shell:create_environment_hook('my_launch', 'ament_prefix_path')
[98.821s] INFO:colcon.colcon_core.shell:Creating environment hook '/home/sunrise/lidar_locate_ws/lidar_locate_ws/src/install/my_launch/share/my_launch/hook/ament_prefix_path.ps1'
[98.826s] INFO:colcon.colcon_core.shell:Creating environment descriptor '/home/sunrise/lidar_locate_ws/lidar_locate_ws/src/install/my_launch/share/my_launch/hook/ament_prefix_path.dsv'
[98.828s] INFO:colcon.colcon_core.shell:Creating environment hook '/home/sunrise/lidar_locate_ws/lidar_locate_ws/src/install/my_launch/share/my_launch/hook/ament_prefix_path.sh'
[98.832s] INFO:colcon.colcon_core.shell:Skip shell extension 'powershell' for command environment: Not usable outside of PowerShell
[98.833s] DEBUG:colcon.colcon_core.shell:Skip shell extension 'dsv' for command environment
[100.222s] INFO:colcon.colcon_core.task.python.build:Building Python package in '/home/sunrise/lidar_locate_ws/lidar_locate_ws/src/my_launch'
[100.223s] INFO:colcon.colcon_core.shell:Skip shell extension 'powershell' for command environment: Not usable outside of PowerShell
[100.224s] DEBUG:colcon.colcon_core.shell:Skip shell extension 'dsv' for command environment
[103.066s] DEBUG:colcon.colcon_core.event_handler.log_command:Invoking command in '/home/sunrise/lidar_locate_ws/lidar_locate_ws/src/my_launch': AMENT_PREFIX_PATH=/home/sunrise/lidar_locate_ws/lidar_locate_ws/src/install/uart_to_mcu:/home/sunrise/lidar_locate_ws/lidar_locate_ws/src/install/pid_control:${AMENT_PREFIX_PATH} CMAKE_PREFIX_PATH=/home/sunrise/lidar_locate_ws/lidar_locate_ws/src/install/uart_to_mcu:/home/sunrise/lidar_locate_ws/lidar_locate_ws/src/install/pid_control:${CMAKE_PREFIX_PATH} PYTHONPATH=/home/sunrise/lidar_locate_ws/lidar_locate_ws/src/build/my_launch/prefix_override:/usr/lib/python3/dist-packages/colcon_core/task/python/colcon_distutils_commands:/home/sunrise/lidar_locate_ws/lidar_locate_ws/src/install/my_launch/lib/python3.10/site-packages:${PYTHONPATH} /usr/bin/python3 -W ignore:setup.py install is deprecated -W ignore:easy_install command is deprecated setup.py egg_info --egg-base ../build/my_launch build --build-base /home/sunrise/lidar_locate_ws/lidar_locate_ws/src/build/my_launch/build install --record /home/sunrise/lidar_locate_ws/lidar_locate_ws/src/build/my_launch/install.log --single-version-externally-managed install_data
[105.594s] Level 1:colcon.colcon_core.environment:checking '/home/sunrise/lidar_locate_ws/lidar_locate_ws/src/install/my_launch' for CMake module files
[105.597s] DEBUG:colcon.colcon_core.event_handler.log_command:Invoked command in '/home/sunrise/lidar_locate_ws/lidar_locate_ws/src/my_launch' returned '0': AMENT_PREFIX_PATH=/home/sunrise/lidar_locate_ws/lidar_locate_ws/src/install/uart_to_mcu:/home/sunrise/lidar_locate_ws/lidar_locate_ws/src/install/pid_control:${AMENT_PREFIX_PATH} CMAKE_PREFIX_PATH=/home/sunrise/lidar_locate_ws/lidar_locate_ws/src/install/uart_to_mcu:/home/sunrise/lidar_locate_ws/lidar_locate_ws/src/install/pid_control:${CMAKE_PREFIX_PATH} PYTHONPATH=/home/sunrise/lidar_locate_ws/lidar_locate_ws/src/build/my_launch/prefix_override:/usr/lib/python3/dist-packages/colcon_core/task/python/colcon_distutils_commands:/home/sunrise/lidar_locate_ws/lidar_locate_ws/src/install/my_launch/lib/python3.10/site-packages:${PYTHONPATH} /usr/bin/python3 -W ignore:setup.py install is deprecated -W ignore:easy_install command is deprecated setup.py egg_info --egg-base ../build/my_launch build --build-base /home/sunrise/lidar_locate_ws/lidar_locate_ws/src/build/my_launch/build install --record /home/sunrise/lidar_locate_ws/lidar_locate_ws/src/build/my_launch/install.log --single-version-externally-managed install_data
[105.599s] Level 1:colcon.colcon_core.environment:checking '/home/sunrise/lidar_locate_ws/lidar_locate_ws/src/install/my_launch' for CMake config files
[105.602s] Level 1:colcon.colcon_core.environment:checking '/home/sunrise/lidar_locate_ws/lidar_locate_ws/src/install/my_launch/lib'
[105.602s] Level 1:colcon.colcon_core.environment:checking '/home/sunrise/lidar_locate_ws/lidar_locate_ws/src/install/my_launch/bin'
[105.602s] Level 1:colcon.colcon_core.environment:checking '/home/sunrise/lidar_locate_ws/lidar_locate_ws/src/install/my_launch/lib/pkgconfig/my_launch.pc'
[105.604s] Level 1:colcon.colcon_core.environment:checking '/home/sunrise/lidar_locate_ws/lidar_locate_ws/src/install/my_launch/lib/python3.10/site-packages'
[105.604s] Level 1:colcon.colcon_core.shell:create_environment_hook('my_launch', 'pythonpath')
[105.606s] INFO:colcon.colcon_core.shell:Creating environment hook '/home/sunrise/lidar_locate_ws/lidar_locate_ws/src/install/my_launch/share/my_launch/hook/pythonpath.ps1'
[105.608s] INFO:colcon.colcon_core.shell:Creating environment descriptor '/home/sunrise/lidar_locate_ws/lidar_locate_ws/src/install/my_launch/share/my_launch/hook/pythonpath.dsv'
[105.611s] INFO:colcon.colcon_core.shell:Creating environment hook '/home/sunrise/lidar_locate_ws/lidar_locate_ws/src/install/my_launch/share/my_launch/hook/pythonpath.sh'
[105.616s] Level 1:colcon.colcon_core.environment:checking '/home/sunrise/lidar_locate_ws/lidar_locate_ws/src/install/my_launch/bin'
[105.616s] Level 1:colcon.colcon_core.environment:create_environment_scripts_only(my_launch)
[105.619s] INFO:colcon.colcon_core.shell:Creating package script '/home/sunrise/lidar_locate_ws/lidar_locate_ws/src/install/my_launch/share/my_launch/package.ps1'
[105.623s] INFO:colcon.colcon_core.shell:Creating package descriptor '/home/sunrise/lidar_locate_ws/lidar_locate_ws/src/install/my_launch/share/my_launch/package.dsv'
[105.625s] INFO:colcon.colcon_core.shell:Creating package script '/home/sunrise/lidar_locate_ws/lidar_locate_ws/src/install/my_launch/share/my_launch/package.sh'
[105.628s] INFO:colcon.colcon_core.shell:Creating package script '/home/sunrise/lidar_locate_ws/lidar_locate_ws/src/install/my_launch/share/my_launch/package.bash'
[105.631s] INFO:colcon.colcon_core.shell:Creating package script '/home/sunrise/lidar_locate_ws/lidar_locate_ws/src/install/my_launch/share/my_launch/package.zsh'
[105.633s] Level 1:colcon.colcon_core.environment:create_file_with_runtime_dependencies(/home/sunrise/lidar_locate_ws/lidar_locate_ws/src/install/my_launch/share/colcon-core/packages/my_launch)
[105.635s] DEBUG:colcon.colcon_parallel_executor.executor.parallel:closing loop
[105.636s] DEBUG:colcon.colcon_parallel_executor.executor.parallel:loop closed
[105.637s] DEBUG:colcon.colcon_parallel_executor.executor.parallel:run_until_complete finished with '0'
[105.637s] DEBUG:colcon.colcon_core.event_reactor:joining thread
[105.640s] DEBUG:colcon.colcon_core.event_reactor:joined thread
[105.642s] INFO:colcon.colcon_core.shell:Creating prefix script '/home/sunrise/lidar_locate_ws/lidar_locate_ws/src/install/local_setup.ps1'
[105.649s] INFO:colcon.colcon_core.shell:Creating prefix util module '/home/sunrise/lidar_locate_ws/lidar_locate_ws/src/install/_local_setup_util_ps1.py'
[105.659s] INFO:colcon.colcon_core.shell:Creating prefix chain script '/home/sunrise/lidar_locate_ws/lidar_locate_ws/src/install/setup.ps1'
[105.667s] INFO:colcon.colcon_core.shell:Creating prefix script '/home/sunrise/lidar_locate_ws/lidar_locate_ws/src/install/local_setup.sh'
[105.672s] INFO:colcon.colcon_core.shell:Creating prefix util module '/home/sunrise/lidar_locate_ws/lidar_locate_ws/src/install/_local_setup_util_sh.py'
[105.676s] INFO:colcon.colcon_core.shell:Creating prefix chain script '/home/sunrise/lidar_locate_ws/lidar_locate_ws/src/install/setup.sh'
[105.684s] INFO:colcon.colcon_core.shell:Creating prefix script '/home/sunrise/lidar_locate_ws/lidar_locate_ws/src/install/local_setup.bash'
[105.688s] INFO:colcon.colcon_core.shell:Creating prefix chain script '/home/sunrise/lidar_locate_ws/lidar_locate_ws/src/install/setup.bash'
[105.696s] INFO:colcon.colcon_core.shell:Creating prefix script '/home/sunrise/lidar_locate_ws/lidar_locate_ws/src/install/local_setup.zsh'
[105.700s] INFO:colcon.colcon_core.shell:Creating prefix chain script '/home/sunrise/lidar_locate_ws/lidar_locate_ws/src/install/setup.zsh'
