[4.240s] Invoking command in '/home/sunrise/lidar_locate_ws/lidar_locate_ws/src/my_launch': AMENT_PREFIX_PATH=/home/sunrise/lidar_locate_ws/lidar_locate_ws/src/install/uart_to_mcu:/home/sunrise/lidar_locate_ws/lidar_locate_ws/src/install/pid_control:${AMENT_PREFIX_PATH} CMAKE_PREFIX_PATH=/home/sunrise/lidar_locate_ws/lidar_locate_ws/src/install/uart_to_mcu:/home/sunrise/lidar_locate_ws/lidar_locate_ws/src/install/pid_control:${CMAKE_PREFIX_PATH} PYTHONPATH=/home/sunrise/lidar_locate_ws/lidar_locate_ws/src/build/my_launch/prefix_override:/usr/lib/python3/dist-packages/colcon_core/task/python/colcon_distutils_commands:/home/sunrise/lidar_locate_ws/lidar_locate_ws/src/install/my_launch/lib/python3.10/site-packages:${PYTHONPATH} /usr/bin/python3 -W ignore:setup.py install is deprecated -W ignore:easy_install command is deprecated setup.py egg_info --egg-base ../build/my_launch build --build-base /home/sunrise/lidar_locate_ws/lidar_locate_ws/src/build/my_launch/build install --record /home/sunrise/lidar_locate_ws/lidar_locate_ws/src/build/my_launch/install.log --single-version-externally-managed install_data
[5.791s] running egg_info
[5.888s] creating ../build/my_launch/my_launch.egg-info
[5.888s] writing ../build/my_launch/my_launch.egg-info/PKG-INFO
[5.892s] writing dependency_links to ../build/my_launch/my_launch.egg-info/dependency_links.txt
[5.894s] writing requirements to ../build/my_launch/my_launch.egg-info/requires.txt
[5.895s] writing top-level names to ../build/my_launch/my_launch.egg-info/top_level.txt
[5.896s] writing manifest file '../build/my_launch/my_launch.egg-info/SOURCES.txt'
[6.098s] reading manifest file '../build/my_launch/my_launch.egg-info/SOURCES.txt'
[6.105s] writing manifest file '../build/my_launch/my_launch.egg-info/SOURCES.txt'
[6.106s] running build
[6.107s] running build_py
[6.107s] creating /home/sunrise/lidar_locate_ws/lidar_locate_ws/src/build/my_launch/build/lib/my_launch
[6.108s] copying my_launch/__init__.py -> /home/sunrise/lidar_locate_ws/lidar_locate_ws/src/build/my_launch/build/lib/my_launch
[6.110s] running install
[6.142s] running install_lib
[6.239s] creating /home/sunrise/lidar_locate_ws/lidar_locate_ws/src/install/my_launch/lib/python3.10/site-packages/my_launch
[6.240s] copying /home/sunrise/lidar_locate_ws/lidar_locate_ws/src/build/my_launch/build/lib/my_launch/__init__.py -> /home/sunrise/lidar_locate_ws/lidar_locate_ws/src/install/my_launch/lib/python3.10/site-packages/my_launch
[6.243s] byte-compiling /home/sunrise/lidar_locate_ws/lidar_locate_ws/src/install/my_launch/lib/python3.10/site-packages/my_launch/__init__.py to __init__.cpython-310.pyc
[6.244s] running install_data
[6.245s] creating /home/sunrise/lidar_locate_ws/lidar_locate_ws/src/install/my_launch/share/ament_index/resource_index/packages
[6.246s] copying resource/my_launch -> /home/sunrise/lidar_locate_ws/lidar_locate_ws/src/install/my_launch/share/ament_index/resource_index/packages
[6.248s] copying package.xml -> /home/sunrise/lidar_locate_ws/lidar_locate_ws/src/install/my_launch/share/my_launch
[6.249s] creating /home/sunrise/lidar_locate_ws/lidar_locate_ws/src/install/my_launch/share/my_launch/launch
[6.249s] copying launch/bringup.launch.py -> /home/sunrise/lidar_locate_ws/lidar_locate_ws/src/install/my_launch/share/my_launch/launch
[6.250s] running install_egg_info
[6.355s] Copying ../build/my_launch/my_launch.egg-info to /home/sunrise/lidar_locate_ws/lidar_locate_ws/src/install/my_launch/lib/python3.10/site-packages/my_launch-0.0.0-py3.10.egg-info
[6.359s] running install_scripts
[6.563s] writing list of installed files to '/home/sunrise/lidar_locate_ws/lidar_locate_ws/src/build/my_launch/install.log'
[6.772s] Invoked command in '/home/sunrise/lidar_locate_ws/lidar_locate_ws/src/my_launch' returned '0': AMENT_PREFIX_PATH=/home/sunrise/lidar_locate_ws/lidar_locate_ws/src/install/uart_to_mcu:/home/sunrise/lidar_locate_ws/lidar_locate_ws/src/install/pid_control:${AMENT_PREFIX_PATH} CMAKE_PREFIX_PATH=/home/sunrise/lidar_locate_ws/lidar_locate_ws/src/install/uart_to_mcu:/home/sunrise/lidar_locate_ws/lidar_locate_ws/src/install/pid_control:${CMAKE_PREFIX_PATH} PYTHONPATH=/home/sunrise/lidar_locate_ws/lidar_locate_ws/src/build/my_launch/prefix_override:/usr/lib/python3/dist-packages/colcon_core/task/python/colcon_distutils_commands:/home/sunrise/lidar_locate_ws/lidar_locate_ws/src/install/my_launch/lib/python3.10/site-packages:${PYTHONPATH} /usr/bin/python3 -W ignore:setup.py install is deprecated -W ignore:easy_install command is deprecated setup.py egg_info --egg-base ../build/my_launch build --build-base /home/sunrise/lidar_locate_ws/lidar_locate_ws/src/build/my_launch/build install --record /home/sunrise/lidar_locate_ws/lidar_locate_ws/src/build/my_launch/install.log --single-version-externally-managed install_data
